<?xml version="1.0" encoding="UTF-8"?>
<testsuite xmlns:xsi="http://www.w3.org/2001/XMLSchema-instance" xsi:noNamespaceSchemaLocation="https://maven.apache.org/surefire/maven-surefire-plugin/xsd/surefire-test-report-3.0.xsd" version="3.0" name="org.arqaine.maven.service.impl.TableServiceImplTest" time="6.508" tests="15" errors="0" skipped="0" failures="0">
  <properties>
[...]
</properties>
  <testcase name="testEditCell" classname="org.arqaine.maven.service.impl.TableServiceImplTest" time="5.786"/>
  <testcase name="testInitializeTable_FileInTargetFolder_LoadsFromFile" classname="org.arqaine.maven.service.impl.TableServiceImplTest" time="0.099"/>
  <testcase name="testReset" classname="org.arqaine.maven.service.impl.TableServiceImplTest" time="0.073">
    <system-out><![CDATA[Test Reset
]]></system-out>
  </testcase>
  <testcase name="testGenerateRandomKeyValuePairs" classname="org.arqaine.maven.service.impl.TableServiceImplTest" time="0.0"/>
  <testcase name="testPrintTable" classname="org.arqaine.maven.service.impl.TableServiceImplTest" time="0.022">
    <system-out><![CDATA[Test Print
]]></system-out>
  </testcase>
  <testcase name="testAddNewRowInvalidIndex" classname="org.arqaine.maven.service.impl.TableServiceImplTest" time="0.004">
    <system-out><![CDATA[Test Add New Row Invalid Index
]]></system-out>
  </testcase>
  <testcase name="testLoadTableFromFile" classname="org.arqaine.maven.service.impl.TableServiceImplTest" time="0.009"/>
  <testcase name="testEditCell_KeyNotFound_Exception" classname="org.arqaine.maven.service.impl.TableServiceImplTest" time="0.048"/>
  <testcase name="testSortRowInvalidIndex" classname="org.arqaine.maven.service.impl.TableServiceImplTest" time="0.032">
    <system-out><![CDATA[Test Sort Row Invalid Index
]]></system-out>
  </testcase>
  <testcase name="testSearchKeyNotFound" classname="org.arqaine.maven.service.impl.TableServiceImplTest" time="0.021">
    <system-out><![CDATA[Test Search (Key Not Found)
]]></system-out>
  </testcase>
  <testcase name="testInitializeTable_FileInJar_LoadsFromFile" classname="org.arqaine.maven.service.impl.TableServiceImplTest" time="0.066"/>
  <testcase name="testAddNewRowSuccess" classname="org.arqaine.maven.service.impl.TableServiceImplTest" time="0.017">
    <system-out><![CDATA[Test Add New Row Success
]]></system-out>
  </testcase>
  <testcase name="testSearchSuccess" classname="org.arqaine.maven.service.impl.TableServiceImplTest" time="0.014">
    <system-out><![CDATA[Test Search
]]></system-out>
  </testcase>
  <testcase name="testSaveTableToFile" classname="org.arqaine.maven.service.impl.TableServiceImplTest" time="0.03"/>
  <testcase name="testSortRow" classname="org.arqaine.maven.service.impl.TableServiceImplTest" time="0.012">
    <system-out><![CDATA[Test Sort Row
]]></system-out>
  </testcase>
</testsuite>